{
  "RSpec": {
    "coverage": {
      "/Users/simonesmith/Makers_Academy/instagram-challenge/instagram/app/models/photo.rb": [
        1,
        1,
        null,
        1,
        1,
        null,
        null
      ],
      "/Users/simonesmith/Makers_Academy/instagram-challenge/instagram/app/models/application_record.rb": [
        1,
        1,
        null
      ],
      "/Users/simonesmith/Makers_Academy/instagram-challenge/instagram/app/controllers/photos_controller.rb": [
        1,
        1,
        null,
        null,
        null,
        1,
        5,
        null,
        null,
        null,
        null,
        1,
        null,
        null,
        null,
        1,
        2,
        null,
        null,
        null,
        1,
        null,
        null,
        null,
        null,
        1,
        3,
        null,
        3,
        3,
        6,
        3,
        null,
        0,
        0,
        null,
        null,
        null,
        null,
        null,
        null,
        1,
        2,
        2,
        4,
        2,
        null,
        0,
        0,
        null,
        null,
        null,
        null,
        null,
        null,
        1,
        2,
        2,
        4,
        2,
        null,
        null,
        null,
        1,
        null,
        1,
        10,
        null,
        null,
        null,
        1,
        5,
        null,
        null
      ],
      "/Users/simonesmith/Makers_Academy/instagram-challenge/instagram/app/controllers/application_controller.rb": [
        1,
        1,
        null
      ],
      "/Users/simonesmith/Makers_Academy/instagram-challenge/instagram/spec/features/create_photo_spec.rb": [
        1,
        null,
        1,
        1,
        1,
        1,
        1,
        1,
        1,
        1,
        null,
        null
      ],
      "/Users/simonesmith/Makers_Academy/instagram-challenge/instagram/spec/features/editing_photos_spec.rb": [
        1,
        null,
        1,
        1,
        1,
        1,
        1,
        1,
        1,
        1,
        1,
        null,
        null
      ],
      "/Users/simonesmith/Makers_Academy/instagram-challenge/instagram/spec/features/showing_photos_spec.rb": [
        1,
        null,
        1,
        1,
        1,
        1,
        1,
        1,
        1,
        null,
        null
      ],
      "/Users/simonesmith/Makers_Academy/instagram-challenge/instagram/spec/features/viewing_photos_spec.rb": [
        1,
        null,
        1,
        1,
        1,
        1,
        1,
        1,
        1,
        1,
        null,
        null
      ],
      "/Users/simonesmith/Makers_Academy/instagram-challenge/instagram/spec/helpers/photos_helper_spec.rb": [
        1,
        null,
        null,
        null,
        null,
        null,
        null,
        null,
        null,
        null,
        null,
        null,
        null,
        null,
        null
      ],
      "/Users/simonesmith/Makers_Academy/instagram-challenge/instagram/spec/models/photo_spec.rb": [
        1,
        null,
        1,
        1,
        3,
        null,
        null,
        3,
        null,
        1,
        1,
        null,
        null,
        1,
        1,
        1,
        null,
        null,
        1,
        1,
        0,
        null,
        null,
        null
      ],
      "/Users/simonesmith/Makers_Academy/instagram-challenge/instagram/spec/requests/photos_spec.rb": [
        1,
        null,
        1,
        1,
        1,
        1,
        1,
        null,
        null,
        null
      ],
      "/Users/simonesmith/Makers_Academy/instagram-challenge/instagram/spec/routing/photos_routing_spec.rb": [
        1,
        null,
        1,
        1,
        null,
        1,
        1,
        null,
        null,
        1,
        1,
        null,
        null,
        1,
        1,
        null,
        null,
        1,
        1,
        null,
        null,
        1,
        1,
        null,
        null,
        1,
        1,
        null,
        null,
        1,
        1,
        null,
        null,
        1,
        1,
        null,
        null,
        null,
        null
      ],
      "/Users/simonesmith/Makers_Academy/instagram-challenge/instagram/spec/views/photos/edit.html.erb_spec.rb": [
        1,
        null,
        1,
        1,
        1,
        null,
        null,
        1,
        1,
        null,
        1,
        null,
        1,
        null,
        null,
        null
      ],
      "/Users/simonesmith/Makers_Academy/instagram-challenge/instagram/spec/views/photos/index.html.erb_spec.rb": [
        1,
        null,
        1,
        null,
        1,
        1,
        null,
        null,
        null,
        null,
        null,
        1,
        1,
        1,
        null,
        null
      ],
      "/Users/simonesmith/Makers_Academy/instagram-challenge/instagram/spec/views/photos/new.html.erb_spec.rb": [
        1,
        null,
        1,
        1,
        1,
        null,
        null,
        null,
        null,
        1,
        1,
        null,
        1,
        null,
        1,
        null,
        null,
        null
      ],
      "/Users/simonesmith/Makers_Academy/instagram-challenge/instagram/spec/views/photos/show.html.erb_spec.rb": [
        1,
        null,
        1,
        1,
        1,
        null,
        null,
        1,
        1,
        1,
        null,
        null
      ]
    },
    "timestamp": 1530996398
  }
}
