{
  "RSpec": {
    "coverage": {
      "/Users/simonesmith/Makers_Academy/instagram-challenge/instagram/app/models/photo.rb": [
        null,
        null,
        1,
        1,
        null,
        1,
        1,
        null
      ],
      "/Users/simonesmith/Makers_Academy/instagram-challenge/instagram/app/controllers/photos_controller.rb": [
        null,
        null,
        1,
        1,
        1,
        null,
        null,
        null,
        1,
        2,
        null,
        null,
        null,
        null,
        1,
        null,
        null,
        null,
        1,
        0,
        null,
        null,
        null,
        1,
        null,
        null,
        null,
        null,
        1,
        0,
        null,
        0,
        0,
        0,
        0,
        null,
        0,
        0,
        null,
        null,
        null,
        null,
        null,
        null,
        1,
        0,
        0,
        0,
        0,
        null,
        0,
        0,
        null,
        null,
        null,
        null,
        null,
        null,
        1,
        0,
        0,
        0,
        0,
        null,
        null,
        null,
        1,
        null,
        1,
        0,
        null,
        null,
        null,
        1,
        0,
        null,
        null
      ],
      "/Users/simonesmith/Makers_Academy/instagram-challenge/instagram/app/controllers/application_controller.rb": [
        null,
        null,
        1,
        1,
        null
      ]
    },
    "timestamp": 1531066477
  }
}
